CRITICAL - 2025-12-19 01:26:45 --> ErrorException: include(/templates/header.php): Failed to open stream: No such file or directory
[Method: GET, Route: cadastro]
in APPPATH/Views/layoutFila.php on line 2.
 1 APPPATH/Views/layoutFila.php(2): CodeIgniter\Debug\Exceptions->errorHandler()
 2 APPPATH/Views/layoutFila.php(2): include()
 3 SYSTEMPATH/View/View.php(226): include('/home/eric/Desafio/desafio/app/Views/layoutFila.php')
 4 SYSTEMPATH/View/View.php(229): CodeIgniter\View\View->CodeIgniter\View\{closure}()
 5 SYSTEMPATH/Common.php(1199): CodeIgniter\View\View->render()
 6 APPPATH/Controllers/FilaController.php(12): view()
 7 SYSTEMPATH/CodeIgniter.php(933): App\Controllers\FilaController->index()
 8 SYSTEMPATH/CodeIgniter.php(507): CodeIgniter\CodeIgniter->runController()
 9 SYSTEMPATH/CodeIgniter.php(354): CodeIgniter\CodeIgniter->handleRequest()
10 SYSTEMPATH/Boot.php(363): CodeIgniter\CodeIgniter->run()
11 SYSTEMPATH/Boot.php(68): CodeIgniter\Boot::runCodeIgniter()
12 FCPATH/index.php(59): CodeIgniter\Boot::bootWeb()
13 SYSTEMPATH/rewrite.php(44): require_once('/home/eric/Desafio/desafio/public/index.php')
CRITICAL - 2025-12-19 01:26:45 --> ErrorException: include(/templates/header.php): Failed to open stream: No such file or directory
[Method: GET, Route: cadastro]
in APPPATH/Views/layoutFila.php on line 2.
 1 APPPATH/Views/layoutFila.php(2): CodeIgniter\Debug\Exceptions->errorHandler()
 2 APPPATH/Views/layoutFila.php(2): include()
 3 SYSTEMPATH/View/View.php(226): include('/home/eric/Desafio/desafio/app/Views/layoutFila.php')
 4 SYSTEMPATH/View/View.php(229): CodeIgniter\View\View->CodeIgniter\View\{closure}()
 5 SYSTEMPATH/Common.php(1199): CodeIgniter\View\View->render()
 6 APPPATH/Controllers/FilaController.php(12): view()
 7 SYSTEMPATH/CodeIgniter.php(933): App\Controllers\FilaController->index()
 8 SYSTEMPATH/CodeIgniter.php(507): CodeIgniter\CodeIgniter->runController()
 9 SYSTEMPATH/CodeIgniter.php(354): CodeIgniter\CodeIgniter->handleRequest()
10 SYSTEMPATH/Boot.php(363): CodeIgniter\CodeIgniter->run()
11 SYSTEMPATH/Boot.php(68): CodeIgniter\Boot::runCodeIgniter()
12 FCPATH/index.php(59): CodeIgniter\Boot::bootWeb()
13 SYSTEMPATH/rewrite.php(44): require_once('/home/eric/Desafio/desafio/public/index.php')
CRITICAL - 2025-12-19 01:26:45 --> ErrorException: include(/templates/header.php): Failed to open stream: No such file or directory
[Method: GET, Route: cadastro]
in APPPATH/Views/layoutFila.php on line 2.
 1 APPPATH/Views/layoutFila.php(2): CodeIgniter\Debug\Exceptions->errorHandler()
 2 APPPATH/Views/layoutFila.php(2): include()
 3 SYSTEMPATH/View/View.php(226): include('/home/eric/Desafio/desafio/app/Views/layoutFila.php')
 4 SYSTEMPATH/View/View.php(229): CodeIgniter\View\View->CodeIgniter\View\{closure}()
 5 SYSTEMPATH/Common.php(1199): CodeIgniter\View\View->render()
 6 APPPATH/Controllers/FilaController.php(12): view()
 7 SYSTEMPATH/CodeIgniter.php(933): App\Controllers\FilaController->index()
 8 SYSTEMPATH/CodeIgniter.php(507): CodeIgniter\CodeIgniter->runController()
 9 SYSTEMPATH/CodeIgniter.php(354): CodeIgniter\CodeIgniter->handleRequest()
10 SYSTEMPATH/Boot.php(363): CodeIgniter\CodeIgniter->run()
11 SYSTEMPATH/Boot.php(68): CodeIgniter\Boot::runCodeIgniter()
12 FCPATH/index.php(59): CodeIgniter\Boot::bootWeb()
13 SYSTEMPATH/rewrite.php(44): require_once('/home/eric/Desafio/desafio/public/index.php')
CRITICAL - 2025-12-19 01:26:46 --> ErrorException: include(/templates/header.php): Failed to open stream: No such file or directory
[Method: GET, Route: cadastro]
in APPPATH/Views/layoutFila.php on line 2.
 1 APPPATH/Views/layoutFila.php(2): CodeIgniter\Debug\Exceptions->errorHandler()
 2 APPPATH/Views/layoutFila.php(2): include()
 3 SYSTEMPATH/View/View.php(226): include('/home/eric/Desafio/desafio/app/Views/layoutFila.php')
 4 SYSTEMPATH/View/View.php(229): CodeIgniter\View\View->CodeIgniter\View\{closure}()
 5 SYSTEMPATH/Common.php(1199): CodeIgniter\View\View->render()
 6 APPPATH/Controllers/FilaController.php(12): view()
 7 SYSTEMPATH/CodeIgniter.php(933): App\Controllers\FilaController->index()
 8 SYSTEMPATH/CodeIgniter.php(507): CodeIgniter\CodeIgniter->runController()
 9 SYSTEMPATH/CodeIgniter.php(354): CodeIgniter\CodeIgniter->handleRequest()
10 SYSTEMPATH/Boot.php(363): CodeIgniter\CodeIgniter->run()
11 SYSTEMPATH/Boot.php(68): CodeIgniter\Boot::runCodeIgniter()
12 FCPATH/index.php(59): CodeIgniter\Boot::bootWeb()
13 SYSTEMPATH/rewrite.php(44): require_once('/home/eric/Desafio/desafio/public/index.php')
ERROR - 2025-12-19 01:43:08 --> Error connecting to the database: mysqli_sql_exception: No such file or directory in /home/eric/Desafio/desafio/system/Database/MySQLi/Connection.php:201
Stack trace:
#0 /home/eric/Desafio/desafio/system/Database/MySQLi/Connection.php(201): mysqli->real_connect()
#1 /home/eric/Desafio/desafio/system/Database/BaseConnection.php(419): CodeIgniter\Database\MySQLi\Connection->connect()
#2 /home/eric/Desafio/desafio/system/Database/BaseConnection.php(614): CodeIgniter\Database\BaseConnection->initialize()
#3 /home/eric/Desafio/desafio/system/Database/BaseBuilder.php(1649): CodeIgniter\Database\BaseConnection->query()
#4 /home/eric/Desafio/desafio/system/Model.php(286): CodeIgniter\Database\BaseBuilder->get()
#5 /home/eric/Desafio/desafio/system/BaseModel.php(677): CodeIgniter\Model->doFindAll()
#6 /home/eric/Desafio/desafio/app/Controllers/SalaController.php(18): CodeIgniter\BaseModel->findAll()
#7 /home/eric/Desafio/desafio/app/Controllers/FilaController.php(16): App\Controllers\SalaController->buscarSala()
#8 /home/eric/Desafio/desafio/system/CodeIgniter.php(933): App\Controllers\FilaController->index()
#9 /home/eric/Desafio/desafio/system/CodeIgniter.php(507): CodeIgniter\CodeIgniter->runController()
#10 /home/eric/Desafio/desafio/system/CodeIgniter.php(354): CodeIgniter\CodeIgniter->handleRequest()
#11 /home/eric/Desafio/desafio/system/Boot.php(363): CodeIgniter\CodeIgniter->run()
#12 /home/eric/Desafio/desafio/system/Boot.php(68): CodeIgniter\Boot::runCodeIgniter()
#13 /home/eric/Desafio/desafio/public/index.php(59): CodeIgniter\Boot::bootWeb()
#14 /home/eric/Desafio/desafio/system/rewrite.php(44): require_once('...')
#15 {main}

Next CodeIgniter\Database\Exceptions\DatabaseException: No such file or directory in /home/eric/Desafio/desafio/system/Database/MySQLi/Connection.php:246
Stack trace:
#0 /home/eric/Desafio/desafio/system/Database/BaseConnection.php(419): CodeIgniter\Database\MySQLi\Connection->connect()
#1 /home/eric/Desafio/desafio/system/Database/BaseConnection.php(614): CodeIgniter\Database\BaseConnection->initialize()
#2 /home/eric/Desafio/desafio/system/Database/BaseBuilder.php(1649): CodeIgniter\Database\BaseConnection->query()
#3 /home/eric/Desafio/desafio/system/Model.php(286): CodeIgniter\Database\BaseBuilder->get()
#4 /home/eric/Desafio/desafio/system/BaseModel.php(677): CodeIgniter\Model->doFindAll()
#5 /home/eric/Desafio/desafio/app/Controllers/SalaController.php(18): CodeIgniter\BaseModel->findAll()
#6 /home/eric/Desafio/desafio/app/Controllers/FilaController.php(16): App\Controllers\SalaController->buscarSala()
#7 /home/eric/Desafio/desafio/system/CodeIgniter.php(933): App\Controllers\FilaController->index()
#8 /home/eric/Desafio/desafio/system/CodeIgniter.php(507): CodeIgniter\CodeIgniter->runController()
#9 /home/eric/Desafio/desafio/system/CodeIgniter.php(354): CodeIgniter\CodeIgniter->handleRequest()
#10 /home/eric/Desafio/desafio/system/Boot.php(363): CodeIgniter\CodeIgniter->run()
#11 /home/eric/Desafio/desafio/system/Boot.php(68): CodeIgniter\Boot::runCodeIgniter()
#12 /home/eric/Desafio/desafio/public/index.php(59): CodeIgniter\Boot::bootWeb()
#13 /home/eric/Desafio/desafio/system/rewrite.php(44): require_once('...')
#14 {main}
CRITICAL - 2025-12-19 01:43:08 --> CodeIgniter\Database\Exceptions\DatabaseException: Unable to connect to the database.
Main connection [MySQLi]: No such file or directory
[Method: GET, Route: cadastro]
in SYSTEMPATH/Database/BaseConnection.php on line 465.
 1 SYSTEMPATH/Database/BaseConnection.php(614): CodeIgniter\Database\BaseConnection->initialize()
 2 SYSTEMPATH/Database/BaseBuilder.php(1649): CodeIgniter\Database\BaseConnection->query()
 3 SYSTEMPATH/Model.php(286): CodeIgniter\Database\BaseBuilder->get()
 4 SYSTEMPATH/BaseModel.php(677): CodeIgniter\Model->doFindAll()
 5 APPPATH/Controllers/SalaController.php(18): CodeIgniter\BaseModel->findAll()
 6 APPPATH/Controllers/FilaController.php(16): App\Controllers\SalaController->buscarSala()
 7 SYSTEMPATH/CodeIgniter.php(933): App\Controllers\FilaController->index()
 8 SYSTEMPATH/CodeIgniter.php(507): CodeIgniter\CodeIgniter->runController()
 9 SYSTEMPATH/CodeIgniter.php(354): CodeIgniter\CodeIgniter->handleRequest()
10 SYSTEMPATH/Boot.php(363): CodeIgniter\CodeIgniter->run()
11 SYSTEMPATH/Boot.php(68): CodeIgniter\Boot::runCodeIgniter()
12 FCPATH/index.php(59): CodeIgniter\Boot::bootWeb()
13 SYSTEMPATH/rewrite.php(44): require_once('/home/eric/Desafio/desafio/public/index.php')
ERROR - 2025-12-19 01:44:02 --> Error connecting to the database: mysqli_sql_exception: No such file or directory in /home/eric/Desafio/desafio/system/Database/MySQLi/Connection.php:201
Stack trace:
#0 /home/eric/Desafio/desafio/system/Database/MySQLi/Connection.php(201): mysqli->real_connect()
#1 /home/eric/Desafio/desafio/system/Database/BaseConnection.php(419): CodeIgniter\Database\MySQLi\Connection->connect()
#2 /home/eric/Desafio/desafio/system/Database/BaseConnection.php(614): CodeIgniter\Database\BaseConnection->initialize()
#3 /home/eric/Desafio/desafio/system/Database/BaseBuilder.php(1649): CodeIgniter\Database\BaseConnection->query()
#4 /home/eric/Desafio/desafio/system/Model.php(286): CodeIgniter\Database\BaseBuilder->get()
#5 /home/eric/Desafio/desafio/system/BaseModel.php(677): CodeIgniter\Model->doFindAll()
#6 /home/eric/Desafio/desafio/app/Controllers/SalaController.php(18): CodeIgniter\BaseModel->findAll()
#7 /home/eric/Desafio/desafio/app/Controllers/FilaController.php(16): App\Controllers\SalaController->buscarSala()
#8 /home/eric/Desafio/desafio/system/CodeIgniter.php(933): App\Controllers\FilaController->index()
#9 /home/eric/Desafio/desafio/system/CodeIgniter.php(507): CodeIgniter\CodeIgniter->runController()
#10 /home/eric/Desafio/desafio/system/CodeIgniter.php(354): CodeIgniter\CodeIgniter->handleRequest()
#11 /home/eric/Desafio/desafio/system/Boot.php(363): CodeIgniter\CodeIgniter->run()
#12 /home/eric/Desafio/desafio/system/Boot.php(68): CodeIgniter\Boot::runCodeIgniter()
#13 /home/eric/Desafio/desafio/public/index.php(59): CodeIgniter\Boot::bootWeb()
#14 /home/eric/Desafio/desafio/system/rewrite.php(44): require_once('...')
#15 {main}

Next CodeIgniter\Database\Exceptions\DatabaseException: No such file or directory in /home/eric/Desafio/desafio/system/Database/MySQLi/Connection.php:246
Stack trace:
#0 /home/eric/Desafio/desafio/system/Database/BaseConnection.php(419): CodeIgniter\Database\MySQLi\Connection->connect()
#1 /home/eric/Desafio/desafio/system/Database/BaseConnection.php(614): CodeIgniter\Database\BaseConnection->initialize()
#2 /home/eric/Desafio/desafio/system/Database/BaseBuilder.php(1649): CodeIgniter\Database\BaseConnection->query()
#3 /home/eric/Desafio/desafio/system/Model.php(286): CodeIgniter\Database\BaseBuilder->get()
#4 /home/eric/Desafio/desafio/system/BaseModel.php(677): CodeIgniter\Model->doFindAll()
#5 /home/eric/Desafio/desafio/app/Controllers/SalaController.php(18): CodeIgniter\BaseModel->findAll()
#6 /home/eric/Desafio/desafio/app/Controllers/FilaController.php(16): App\Controllers\SalaController->buscarSala()
#7 /home/eric/Desafio/desafio/system/CodeIgniter.php(933): App\Controllers\FilaController->index()
#8 /home/eric/Desafio/desafio/system/CodeIgniter.php(507): CodeIgniter\CodeIgniter->runController()
#9 /home/eric/Desafio/desafio/system/CodeIgniter.php(354): CodeIgniter\CodeIgniter->handleRequest()
#10 /home/eric/Desafio/desafio/system/Boot.php(363): CodeIgniter\CodeIgniter->run()
#11 /home/eric/Desafio/desafio/system/Boot.php(68): CodeIgniter\Boot::runCodeIgniter()
#12 /home/eric/Desafio/desafio/public/index.php(59): CodeIgniter\Boot::bootWeb()
#13 /home/eric/Desafio/desafio/system/rewrite.php(44): require_once('...')
#14 {main}
CRITICAL - 2025-12-19 01:44:02 --> CodeIgniter\Database\Exceptions\DatabaseException: Unable to connect to the database.
Main connection [MySQLi]: No such file or directory
[Method: GET, Route: cadastro]
in SYSTEMPATH/Database/BaseConnection.php on line 465.
 1 SYSTEMPATH/Database/BaseConnection.php(614): CodeIgniter\Database\BaseConnection->initialize()
 2 SYSTEMPATH/Database/BaseBuilder.php(1649): CodeIgniter\Database\BaseConnection->query()
 3 SYSTEMPATH/Model.php(286): CodeIgniter\Database\BaseBuilder->get()
 4 SYSTEMPATH/BaseModel.php(677): CodeIgniter\Model->doFindAll()
 5 APPPATH/Controllers/SalaController.php(18): CodeIgniter\BaseModel->findAll()
 6 APPPATH/Controllers/FilaController.php(16): App\Controllers\SalaController->buscarSala()
 7 SYSTEMPATH/CodeIgniter.php(933): App\Controllers\FilaController->index()
 8 SYSTEMPATH/CodeIgniter.php(507): CodeIgniter\CodeIgniter->runController()
 9 SYSTEMPATH/CodeIgniter.php(354): CodeIgniter\CodeIgniter->handleRequest()
10 SYSTEMPATH/Boot.php(363): CodeIgniter\CodeIgniter->run()
11 SYSTEMPATH/Boot.php(68): CodeIgniter\Boot::runCodeIgniter()
12 FCPATH/index.php(59): CodeIgniter\Boot::bootWeb()
13 SYSTEMPATH/rewrite.php(44): require_once('/home/eric/Desafio/desafio/public/index.php')
ERROR - 2025-12-19 01:44:02 --> Error connecting to the database: mysqli_sql_exception: No such file or directory in /home/eric/Desafio/desafio/system/Database/MySQLi/Connection.php:201
Stack trace:
#0 /home/eric/Desafio/desafio/system/Database/MySQLi/Connection.php(201): mysqli->real_connect()
#1 /home/eric/Desafio/desafio/system/Database/BaseConnection.php(419): CodeIgniter\Database\MySQLi\Connection->connect()
#2 /home/eric/Desafio/desafio/system/Database/BaseConnection.php(614): CodeIgniter\Database\BaseConnection->initialize()
#3 /home/eric/Desafio/desafio/system/Database/BaseBuilder.php(1649): CodeIgniter\Database\BaseConnection->query()
#4 /home/eric/Desafio/desafio/system/Model.php(286): CodeIgniter\Database\BaseBuilder->get()
#5 /home/eric/Desafio/desafio/system/BaseModel.php(677): CodeIgniter\Model->doFindAll()
#6 /home/eric/Desafio/desafio/app/Controllers/SalaController.php(18): CodeIgniter\BaseModel->findAll()
#7 /home/eric/Desafio/desafio/app/Controllers/FilaController.php(16): App\Controllers\SalaController->buscarSala()
#8 /home/eric/Desafio/desafio/system/CodeIgniter.php(933): App\Controllers\FilaController->index()
#9 /home/eric/Desafio/desafio/system/CodeIgniter.php(507): CodeIgniter\CodeIgniter->runController()
#10 /home/eric/Desafio/desafio/system/CodeIgniter.php(354): CodeIgniter\CodeIgniter->handleRequest()
#11 /home/eric/Desafio/desafio/system/Boot.php(363): CodeIgniter\CodeIgniter->run()
#12 /home/eric/Desafio/desafio/system/Boot.php(68): CodeIgniter\Boot::runCodeIgniter()
#13 /home/eric/Desafio/desafio/public/index.php(59): CodeIgniter\Boot::bootWeb()
#14 /home/eric/Desafio/desafio/system/rewrite.php(44): require_once('...')
#15 {main}

Next CodeIgniter\Database\Exceptions\DatabaseException: No such file or directory in /home/eric/Desafio/desafio/system/Database/MySQLi/Connection.php:246
Stack trace:
#0 /home/eric/Desafio/desafio/system/Database/BaseConnection.php(419): CodeIgniter\Database\MySQLi\Connection->connect()
#1 /home/eric/Desafio/desafio/system/Database/BaseConnection.php(614): CodeIgniter\Database\BaseConnection->initialize()
#2 /home/eric/Desafio/desafio/system/Database/BaseBuilder.php(1649): CodeIgniter\Database\BaseConnection->query()
#3 /home/eric/Desafio/desafio/system/Model.php(286): CodeIgniter\Database\BaseBuilder->get()
#4 /home/eric/Desafio/desafio/system/BaseModel.php(677): CodeIgniter\Model->doFindAll()
#5 /home/eric/Desafio/desafio/app/Controllers/SalaController.php(18): CodeIgniter\BaseModel->findAll()
#6 /home/eric/Desafio/desafio/app/Controllers/FilaController.php(16): App\Controllers\SalaController->buscarSala()
#7 /home/eric/Desafio/desafio/system/CodeIgniter.php(933): App\Controllers\FilaController->index()
#8 /home/eric/Desafio/desafio/system/CodeIgniter.php(507): CodeIgniter\CodeIgniter->runController()
#9 /home/eric/Desafio/desafio/system/CodeIgniter.php(354): CodeIgniter\CodeIgniter->handleRequest()
#10 /home/eric/Desafio/desafio/system/Boot.php(363): CodeIgniter\CodeIgniter->run()
#11 /home/eric/Desafio/desafio/system/Boot.php(68): CodeIgniter\Boot::runCodeIgniter()
#12 /home/eric/Desafio/desafio/public/index.php(59): CodeIgniter\Boot::bootWeb()
#13 /home/eric/Desafio/desafio/system/rewrite.php(44): require_once('...')
#14 {main}
CRITICAL - 2025-12-19 01:44:02 --> CodeIgniter\Database\Exceptions\DatabaseException: Unable to connect to the database.
Main connection [MySQLi]: No such file or directory
[Method: GET, Route: cadastro]
in SYSTEMPATH/Database/BaseConnection.php on line 465.
 1 SYSTEMPATH/Database/BaseConnection.php(614): CodeIgniter\Database\BaseConnection->initialize()
 2 SYSTEMPATH/Database/BaseBuilder.php(1649): CodeIgniter\Database\BaseConnection->query()
 3 SYSTEMPATH/Model.php(286): CodeIgniter\Database\BaseBuilder->get()
 4 SYSTEMPATH/BaseModel.php(677): CodeIgniter\Model->doFindAll()
 5 APPPATH/Controllers/SalaController.php(18): CodeIgniter\BaseModel->findAll()
 6 APPPATH/Controllers/FilaController.php(16): App\Controllers\SalaController->buscarSala()
 7 SYSTEMPATH/CodeIgniter.php(933): App\Controllers\FilaController->index()
 8 SYSTEMPATH/CodeIgniter.php(507): CodeIgniter\CodeIgniter->runController()
 9 SYSTEMPATH/CodeIgniter.php(354): CodeIgniter\CodeIgniter->handleRequest()
10 SYSTEMPATH/Boot.php(363): CodeIgniter\CodeIgniter->run()
11 SYSTEMPATH/Boot.php(68): CodeIgniter\Boot::runCodeIgniter()
12 FCPATH/index.php(59): CodeIgniter\Boot::bootWeb()
13 SYSTEMPATH/rewrite.php(44): require_once('/home/eric/Desafio/desafio/public/index.php')
ERROR - 2025-12-19 01:44:02 --> Error connecting to the database: mysqli_sql_exception: No such file or directory in /home/eric/Desafio/desafio/system/Database/MySQLi/Connection.php:201
Stack trace:
#0 /home/eric/Desafio/desafio/system/Database/MySQLi/Connection.php(201): mysqli->real_connect()
#1 /home/eric/Desafio/desafio/system/Database/BaseConnection.php(419): CodeIgniter\Database\MySQLi\Connection->connect()
#2 /home/eric/Desafio/desafio/system/Database/BaseConnection.php(614): CodeIgniter\Database\BaseConnection->initialize()
#3 /home/eric/Desafio/desafio/system/Database/BaseBuilder.php(1649): CodeIgniter\Database\BaseConnection->query()
#4 /home/eric/Desafio/desafio/system/Model.php(286): CodeIgniter\Database\BaseBuilder->get()
#5 /home/eric/Desafio/desafio/system/BaseModel.php(677): CodeIgniter\Model->doFindAll()
#6 /home/eric/Desafio/desafio/app/Controllers/SalaController.php(18): CodeIgniter\BaseModel->findAll()
#7 /home/eric/Desafio/desafio/app/Controllers/FilaController.php(16): App\Controllers\SalaController->buscarSala()
#8 /home/eric/Desafio/desafio/system/CodeIgniter.php(933): App\Controllers\FilaController->index()
#9 /home/eric/Desafio/desafio/system/CodeIgniter.php(507): CodeIgniter\CodeIgniter->runController()
#10 /home/eric/Desafio/desafio/system/CodeIgniter.php(354): CodeIgniter\CodeIgniter->handleRequest()
#11 /home/eric/Desafio/desafio/system/Boot.php(363): CodeIgniter\CodeIgniter->run()
#12 /home/eric/Desafio/desafio/system/Boot.php(68): CodeIgniter\Boot::runCodeIgniter()
#13 /home/eric/Desafio/desafio/public/index.php(59): CodeIgniter\Boot::bootWeb()
#14 /home/eric/Desafio/desafio/system/rewrite.php(44): require_once('...')
#15 {main}

Next CodeIgniter\Database\Exceptions\DatabaseException: No such file or directory in /home/eric/Desafio/desafio/system/Database/MySQLi/Connection.php:246
Stack trace:
#0 /home/eric/Desafio/desafio/system/Database/BaseConnection.php(419): CodeIgniter\Database\MySQLi\Connection->connect()
#1 /home/eric/Desafio/desafio/system/Database/BaseConnection.php(614): CodeIgniter\Database\BaseConnection->initialize()
#2 /home/eric/Desafio/desafio/system/Database/BaseBuilder.php(1649): CodeIgniter\Database\BaseConnection->query()
#3 /home/eric/Desafio/desafio/system/Model.php(286): CodeIgniter\Database\BaseBuilder->get()
#4 /home/eric/Desafio/desafio/system/BaseModel.php(677): CodeIgniter\Model->doFindAll()
#5 /home/eric/Desafio/desafio/app/Controllers/SalaController.php(18): CodeIgniter\BaseModel->findAll()
#6 /home/eric/Desafio/desafio/app/Controllers/FilaController.php(16): App\Controllers\SalaController->buscarSala()
#7 /home/eric/Desafio/desafio/system/CodeIgniter.php(933): App\Controllers\FilaController->index()
#8 /home/eric/Desafio/desafio/system/CodeIgniter.php(507): CodeIgniter\CodeIgniter->runController()
#9 /home/eric/Desafio/desafio/system/CodeIgniter.php(354): CodeIgniter\CodeIgniter->handleRequest()
#10 /home/eric/Desafio/desafio/system/Boot.php(363): CodeIgniter\CodeIgniter->run()
#11 /home/eric/Desafio/desafio/system/Boot.php(68): CodeIgniter\Boot::runCodeIgniter()
#12 /home/eric/Desafio/desafio/public/index.php(59): CodeIgniter\Boot::bootWeb()
#13 /home/eric/Desafio/desafio/system/rewrite.php(44): require_once('...')
#14 {main}
CRITICAL - 2025-12-19 01:44:02 --> CodeIgniter\Database\Exceptions\DatabaseException: Unable to connect to the database.
Main connection [MySQLi]: No such file or directory
[Method: GET, Route: cadastro]
in SYSTEMPATH/Database/BaseConnection.php on line 465.
 1 SYSTEMPATH/Database/BaseConnection.php(614): CodeIgniter\Database\BaseConnection->initialize()
 2 SYSTEMPATH/Database/BaseBuilder.php(1649): CodeIgniter\Database\BaseConnection->query()
 3 SYSTEMPATH/Model.php(286): CodeIgniter\Database\BaseBuilder->get()
 4 SYSTEMPATH/BaseModel.php(677): CodeIgniter\Model->doFindAll()
 5 APPPATH/Controllers/SalaController.php(18): CodeIgniter\BaseModel->findAll()
 6 APPPATH/Controllers/FilaController.php(16): App\Controllers\SalaController->buscarSala()
 7 SYSTEMPATH/CodeIgniter.php(933): App\Controllers\FilaController->index()
 8 SYSTEMPATH/CodeIgniter.php(507): CodeIgniter\CodeIgniter->runController()
 9 SYSTEMPATH/CodeIgniter.php(354): CodeIgniter\CodeIgniter->handleRequest()
10 SYSTEMPATH/Boot.php(363): CodeIgniter\CodeIgniter->run()
11 SYSTEMPATH/Boot.php(68): CodeIgniter\Boot::runCodeIgniter()
12 FCPATH/index.php(59): CodeIgniter\Boot::bootWeb()
13 SYSTEMPATH/rewrite.php(44): require_once('/home/eric/Desafio/desafio/public/index.php')
ERROR - 2025-12-19 01:46:23 --> mysqli_sql_exception: Table 'Desafio.sala' doesn't exist in /home/eric/Desafio/desafio/system/Database/MySQLi/Connection.php:327
Stack trace:
#0 /home/eric/Desafio/desafio/system/Database/MySQLi/Connection.php(327): mysqli->query()
#1 /home/eric/Desafio/desafio/system/Database/BaseConnection.php(729): CodeIgniter\Database\MySQLi\Connection->execute()
#2 /home/eric/Desafio/desafio/system/Database/BaseConnection.php(646): CodeIgniter\Database\BaseConnection->simpleQuery()
#3 /home/eric/Desafio/desafio/system/Database/BaseBuilder.php(1649): CodeIgniter\Database\BaseConnection->query()
#4 /home/eric/Desafio/desafio/system/Model.php(286): CodeIgniter\Database\BaseBuilder->get()
#5 /home/eric/Desafio/desafio/system/BaseModel.php(677): CodeIgniter\Model->doFindAll()
#6 /home/eric/Desafio/desafio/app/Controllers/SalaController.php(18): CodeIgniter\BaseModel->findAll()
#7 /home/eric/Desafio/desafio/app/Controllers/FilaController.php(16): App\Controllers\SalaController->buscarSala()
#8 /home/eric/Desafio/desafio/system/CodeIgniter.php(933): App\Controllers\FilaController->index()
#9 /home/eric/Desafio/desafio/system/CodeIgniter.php(507): CodeIgniter\CodeIgniter->runController()
#10 /home/eric/Desafio/desafio/system/CodeIgniter.php(354): CodeIgniter\CodeIgniter->handleRequest()
#11 /home/eric/Desafio/desafio/system/Boot.php(363): CodeIgniter\CodeIgniter->run()
#12 /home/eric/Desafio/desafio/system/Boot.php(68): CodeIgniter\Boot::runCodeIgniter()
#13 /home/eric/Desafio/desafio/public/index.php(59): CodeIgniter\Boot::bootWeb()
#14 /home/eric/Desafio/desafio/system/rewrite.php(44): require_once('...')
#15 {main}
CRITICAL - 2025-12-19 01:46:23 --> CodeIgniter\Database\Exceptions\DatabaseException: Table 'Desafio.sala' doesn't exist
[Method: GET, Route: cadastro]
in SYSTEMPATH/Database/BaseConnection.php on line 684.
 1 SYSTEMPATH/Database/BaseBuilder.php(1649): CodeIgniter\Database\BaseConnection->query()
 2 SYSTEMPATH/Model.php(286): CodeIgniter\Database\BaseBuilder->get()
 3 SYSTEMPATH/BaseModel.php(677): CodeIgniter\Model->doFindAll()
 4 APPPATH/Controllers/SalaController.php(18): CodeIgniter\BaseModel->findAll()
 5 APPPATH/Controllers/FilaController.php(16): App\Controllers\SalaController->buscarSala()
 6 SYSTEMPATH/CodeIgniter.php(933): App\Controllers\FilaController->index()
 7 SYSTEMPATH/CodeIgniter.php(507): CodeIgniter\CodeIgniter->runController()
 8 SYSTEMPATH/CodeIgniter.php(354): CodeIgniter\CodeIgniter->handleRequest()
 9 SYSTEMPATH/Boot.php(363): CodeIgniter\CodeIgniter->run()
10 SYSTEMPATH/Boot.php(68): CodeIgniter\Boot::runCodeIgniter()
11 FCPATH/index.php(59): CodeIgniter\Boot::bootWeb()
12 SYSTEMPATH/rewrite.php(44): require_once('/home/eric/Desafio/desafio/public/index.php')
CRITICAL - 2025-12-19 01:46:23 --> [Caused by] CodeIgniter\Database\Exceptions\DatabaseException: Table 'Desafio.sala' doesn't exist
in SYSTEMPATH/Database/MySQLi/Connection.php on line 332.
 1 SYSTEMPATH/Database/BaseConnection.php(729): CodeIgniter\Database\MySQLi\Connection->execute()
 2 SYSTEMPATH/Database/BaseConnection.php(646): CodeIgniter\Database\BaseConnection->simpleQuery()
 3 SYSTEMPATH/Database/BaseBuilder.php(1649): CodeIgniter\Database\BaseConnection->query()
 4 SYSTEMPATH/Model.php(286): CodeIgniter\Database\BaseBuilder->get()
 5 SYSTEMPATH/BaseModel.php(677): CodeIgniter\Model->doFindAll()
 6 APPPATH/Controllers/SalaController.php(18): CodeIgniter\BaseModel->findAll()
 7 APPPATH/Controllers/FilaController.php(16): App\Controllers\SalaController->buscarSala()
 8 SYSTEMPATH/CodeIgniter.php(933): App\Controllers\FilaController->index()
 9 SYSTEMPATH/CodeIgniter.php(507): CodeIgniter\CodeIgniter->runController()
10 SYSTEMPATH/CodeIgniter.php(354): CodeIgniter\CodeIgniter->handleRequest()
11 SYSTEMPATH/Boot.php(363): CodeIgniter\CodeIgniter->run()
12 SYSTEMPATH/Boot.php(68): CodeIgniter\Boot::runCodeIgniter()
13 FCPATH/index.php(59): CodeIgniter\Boot::bootWeb()
14 SYSTEMPATH/rewrite.php(44): require_once('/home/eric/Desafio/desafio/public/index.php')
CRITICAL - 2025-12-19 01:46:23 --> [Caused by] mysqli_sql_exception: Table 'Desafio.sala' doesn't exist
in SYSTEMPATH/Database/MySQLi/Connection.php on line 327.
 1 SYSTEMPATH/Database/MySQLi/Connection.php(327): mysqli->query()
 2 SYSTEMPATH/Database/BaseConnection.php(729): CodeIgniter\Database\MySQLi\Connection->execute()
 3 SYSTEMPATH/Database/BaseConnection.php(646): CodeIgniter\Database\BaseConnection->simpleQuery()
 4 SYSTEMPATH/Database/BaseBuilder.php(1649): CodeIgniter\Database\BaseConnection->query()
 5 SYSTEMPATH/Model.php(286): CodeIgniter\Database\BaseBuilder->get()
 6 SYSTEMPATH/BaseModel.php(677): CodeIgniter\Model->doFindAll()
 7 APPPATH/Controllers/SalaController.php(18): CodeIgniter\BaseModel->findAll()
 8 APPPATH/Controllers/FilaController.php(16): App\Controllers\SalaController->buscarSala()
 9 SYSTEMPATH/CodeIgniter.php(933): App\Controllers\FilaController->index()
10 SYSTEMPATH/CodeIgniter.php(507): CodeIgniter\CodeIgniter->runController()
11 SYSTEMPATH/CodeIgniter.php(354): CodeIgniter\CodeIgniter->handleRequest()
12 SYSTEMPATH/Boot.php(363): CodeIgniter\CodeIgniter->run()
13 SYSTEMPATH/Boot.php(68): CodeIgniter\Boot::runCodeIgniter()
14 FCPATH/index.php(59): CodeIgniter\Boot::bootWeb()
15 SYSTEMPATH/rewrite.php(44): require_once('/home/eric/Desafio/desafio/public/index.php')
CRITICAL - 2025-12-19 01:48:26 --> ErrorException: Undefined variable $select
[Method: GET, Route: cadastro]
in APPPATH/Views/fila/FilaForm.php on line 12.
 1 APPPATH/Views/fila/FilaForm.php(12): CodeIgniter\Debug\Exceptions->errorHandler()
 2 APPPATH/Views/layoutFila.php(3): include('/home/eric/Desafio/desafio/app/Views/fila/FilaForm.php')
 3 SYSTEMPATH/View/View.php(226): include('/home/eric/Desafio/desafio/app/Views/layoutFila.php')
 4 SYSTEMPATH/View/View.php(229): CodeIgniter\View\View->CodeIgniter\View\{closure}()
 5 SYSTEMPATH/Common.php(1199): CodeIgniter\View\View->render()
 6 APPPATH/Controllers/FilaController.php(17): view()
 7 SYSTEMPATH/CodeIgniter.php(933): App\Controllers\FilaController->index()
 8 SYSTEMPATH/CodeIgniter.php(507): CodeIgniter\CodeIgniter->runController()
 9 SYSTEMPATH/CodeIgniter.php(354): CodeIgniter\CodeIgniter->handleRequest()
10 SYSTEMPATH/Boot.php(363): CodeIgniter\CodeIgniter->run()
11 SYSTEMPATH/Boot.php(68): CodeIgniter\Boot::runCodeIgniter()
12 FCPATH/index.php(59): CodeIgniter\Boot::bootWeb()
13 SYSTEMPATH/rewrite.php(44): require_once('/home/eric/Desafio/desafio/public/index.php')
